<?xml version="1.0" encoding="UTF-8"?>
<testng-results skipped="0" failed="1" ignored="0" total="3" passed="2">
  <reporter-output>
  </reporter-output>
  <suite name="All Test Suite" duration-ms="27931" started-at="2020-01-10T11:00:44 EET" finished-at="2020-01-10T11:01:12 EET">
    <groups>
    </groups>
    <test name="Menu Bar Tests" duration-ms="27931" started-at="2020-01-10T11:00:44 EET" finished-at="2020-01-10T11:01:12 EET">
      <class name="DefaultWebElementsTest">
        <test-method status="PASS" signature="setUpWebDriver()[pri:0, instance:DefaultWebElementsTest@546ccad7]" name="setUpWebDriver" is-config="true" duration-ms="25380" started-at="2020-01-10T11:00:45 EET" finished-at="2020-01-10T11:01:10 EET">
          <reporter-output>
          </reporter-output>
        </test-method> <!-- setUpWebDriver -->
        <test-method status="FAIL" signature="clickArrowTest()[pri:0, instance:DefaultWebElementsTest@546ccad7]" name="clickArrowTest" duration-ms="864" started-at="2020-01-10T11:01:10 EET" finished-at="2020-01-10T11:01:11 EET">
          <exception class="java.lang.AssertionError">
            <message>
              <![CDATA[expected [left: 3px;] but found [left: 240px;]]]>
            </message>
            <full-stacktrace>
              <![CDATA[java.lang.AssertionError: expected [left: 3px;] but found [left: 240px;]
at org.testng.Assert.fail(Assert.java:97)
at org.testng.Assert.assertEqualsImpl(Assert.java:136)
at org.testng.Assert.assertEquals(Assert.java:118)
at org.testng.Assert.assertEquals(Assert.java:575)
at org.testng.Assert.assertEquals(Assert.java:585)
at DefaultWebElementsTest.clickArrowTest(DefaultWebElementsTest.java:34)
at sun.reflect.NativeMethodAccessorImpl.invoke0(Native Method)
at sun.reflect.NativeMethodAccessorImpl.invoke(NativeMethodAccessorImpl.java:62)
at sun.reflect.DelegatingMethodAccessorImpl.invoke(DelegatingMethodAccessorImpl.java:43)
at java.lang.reflect.Method.invoke(Method.java:498)
at org.testng.internal.MethodInvocationHelper.invokeMethod(MethodInvocationHelper.java:133)
at org.testng.internal.TestInvoker.invokeMethod(TestInvoker.java:584)
at org.testng.internal.TestInvoker.invokeTestMethod(TestInvoker.java:172)
at org.testng.internal.MethodRunner.runInSequence(MethodRunner.java:46)
at org.testng.internal.TestInvoker$MethodInvocationAgent.invoke(TestInvoker.java:804)
at org.testng.internal.TestInvoker.invokeTestMethods(TestInvoker.java:145)
at org.testng.internal.TestMethodWorker.invokeTestMethods(TestMethodWorker.java:146)
at org.testng.internal.TestMethodWorker.run(TestMethodWorker.java:128)
at java.util.ArrayList.forEach(ArrayList.java:1257)
at org.testng.TestRunner.privateRun(TestRunner.java:770)
at org.testng.TestRunner.run(TestRunner.java:591)
at org.testng.SuiteRunner.runTest(SuiteRunner.java:402)
at org.testng.SuiteRunner.runSequentially(SuiteRunner.java:396)
at org.testng.SuiteRunner.privateRun(SuiteRunner.java:355)
at org.testng.SuiteRunner.run(SuiteRunner.java:304)
at org.testng.SuiteRunnerWorker.runSuite(SuiteRunnerWorker.java:53)
at org.testng.SuiteRunnerWorker.run(SuiteRunnerWorker.java:96)
at org.testng.TestNG.runSuitesSequentially(TestNG.java:1180)
at org.testng.TestNG.runSuitesLocally(TestNG.java:1102)
at org.testng.TestNG.runSuites(TestNG.java:1032)
at org.testng.TestNG.run(TestNG.java:1000)
at org.apache.maven.surefire.testng.TestNGExecutor.run(TestNGExecutor.java:283)
at org.apache.maven.surefire.testng.TestNGXmlTestSuite.execute(TestNGXmlTestSuite.java:75)
at org.apache.maven.surefire.testng.TestNGProvider.invoke(TestNGProvider.java:120)
at org.apache.maven.surefire.booter.ForkedBooter.invokeProviderInSameClassLoader(ForkedBooter.java:384)
at org.apache.maven.surefire.booter.ForkedBooter.runSuitesInProcess(ForkedBooter.java:345)
at org.apache.maven.surefire.booter.ForkedBooter.execute(ForkedBooter.java:126)
at org.apache.maven.surefire.booter.ForkedBooter.main(ForkedBooter.java:418)
]]>
            </full-stacktrace>
          </exception> <!-- java.lang.AssertionError -->
          <reporter-output>
          </reporter-output>
        </test-method> <!-- clickArrowTest -->
        <test-method status="PASS" signature="isFirstElementIsRight()[pri:0, instance:DefaultWebElementsTest@546ccad7]" name="isFirstElementIsRight" duration-ms="298" started-at="2020-01-10T11:01:11 EET" finished-at="2020-01-10T11:01:11 EET">
          <reporter-output>
          </reporter-output>
        </test-method> <!-- isFirstElementIsRight -->
        <test-method status="PASS" signature="isMenuBarHaveAllElements()[pri:0, instance:DefaultWebElementsTest@546ccad7]" name="isMenuBarHaveAllElements" duration-ms="188" started-at="2020-01-10T11:01:11 EET" finished-at="2020-01-10T11:01:11 EET">
          <reporter-output>
          </reporter-output>
        </test-method> <!-- isMenuBarHaveAllElements -->
        <test-method status="PASS" signature="closeWebDriver()[pri:0, instance:DefaultWebElementsTest@546ccad7]" name="closeWebDriver" is-config="true" duration-ms="962" started-at="2020-01-10T11:01:11 EET" finished-at="2020-01-10T11:01:12 EET">
          <reporter-output>
          </reporter-output>
        </test-method> <!-- closeWebDriver -->
      </class> <!-- DefaultWebElementsTest -->
    </test> <!-- Menu Bar Tests -->
  </suite> <!-- All Test Suite -->
</testng-results>
